{"/media/leandrodcs/D2989951989934C7/Bootcamp/03 - Projetos/Projeto_17_sing-me-a-song/sing-me-a-song-back/src/database/database.js": {"path":"/media/leandrodcs/D2989951989934C7/Bootcamp/03 - Projetos/Projeto_17_sing-me-a-song/sing-me-a-song-back/src/database/database.js","statementMap":{"0":{"start":{"line":3,"column":17},"end":{"line":3,"column":19}},"1":{"start":{"line":5,"column":21},"end":{"line":11,"column":1}},"2":{"start":{"line":13,"column":0},"end":{"line":20,"column":1}},"3":{"start":{"line":14,"column":4},"end":{"line":19,"column":6}},"4":{"start":{"line":22,"column":19},"end":{"line":22,"column":43}}},"fnMap":{},"branchMap":{"0":{"loc":{"start":{"line":13,"column":0},"end":{"line":20,"column":1}},"type":"if","locations":[{"start":{"line":13,"column":0},"end":{"line":20,"column":1}},{"start":{},"end":{}}],"line":13}},"s":{"0":1,"1":1,"2":1,"3":0,"4":1},"f":{},"b":{"0":[0,1]},"_coverageSchema":"1a1c01bbd47fc00a2c39e90264f33305004495a9","hash":"e515e623165e9a17291f48a1d28994784c669cc1"}
,"/media/leandrodcs/D2989951989934C7/Bootcamp/03 - Projetos/Projeto_17_sing-me-a-song/sing-me-a-song-back/src/errors/amountError.js": {"path":"/media/leandrodcs/D2989951989934C7/Bootcamp/03 - Projetos/Projeto_17_sing-me-a-song/sing-me-a-song-back/src/errors/amountError.js","statementMap":{"0":{"start":{"line":3,"column":8},"end":{"line":3,"column":23}},"1":{"start":{"line":4,"column":8},"end":{"line":4,"column":34}}},"fnMap":{"0":{"name":"(anonymous_0)","decl":{"start":{"line":2,"column":4},"end":{"line":2,"column":5}},"loc":{"start":{"line":2,"column":25},"end":{"line":5,"column":5}},"line":2}},"branchMap":{},"s":{"0":2,"1":2},"f":{"0":2},"b":{},"_coverageSchema":"1a1c01bbd47fc00a2c39e90264f33305004495a9","hash":"db9d81c6f01bdf859ee2211b17ad11d996042962"}
,"/media/leandrodcs/D2989951989934C7/Bootcamp/03 - Projetos/Projeto_17_sing-me-a-song/sing-me-a-song-back/src/errors/recommendationError.js": {"path":"/media/leandrodcs/D2989951989934C7/Bootcamp/03 - Projetos/Projeto_17_sing-me-a-song/sing-me-a-song-back/src/errors/recommendationError.js","statementMap":{"0":{"start":{"line":3,"column":8},"end":{"line":3,"column":23}},"1":{"start":{"line":4,"column":8},"end":{"line":4,"column":42}}},"fnMap":{"0":{"name":"(anonymous_0)","decl":{"start":{"line":2,"column":4},"end":{"line":2,"column":5}},"loc":{"start":{"line":2,"column":25},"end":{"line":5,"column":5}},"line":2}},"branchMap":{},"s":{"0":1,"1":1},"f":{"0":1},"b":{},"_coverageSchema":"1a1c01bbd47fc00a2c39e90264f33305004495a9","hash":"672be9adaaf5351d32417417bd854b7defcad443"}
,"/media/leandrodcs/D2989951989934C7/Bootcamp/03 - Projetos/Projeto_17_sing-me-a-song/sing-me-a-song-back/src/repositories/recommendationRepository.js": {"path":"/media/leandrodcs/D2989951989934C7/Bootcamp/03 - Projetos/Projeto_17_sing-me-a-song/sing-me-a-song-back/src/repositories/recommendationRepository.js","statementMap":{"0":{"start":{"line":4,"column":19},"end":{"line":12,"column":28}},"1":{"start":{"line":14,"column":4},"end":{"line":14,"column":26}},"2":{"start":{"line":18,"column":4},"end":{"line":25,"column":24}},"3":{"start":{"line":29,"column":19},"end":{"line":29,"column":105}},"4":{"start":{"line":31,"column":4},"end":{"line":31,"column":26}},"5":{"start":{"line":35,"column":16},"end":{"line":35,"column":92}},"6":{"start":{"line":36,"column":21},"end":{"line":36,"column":23}},"7":{"start":{"line":37,"column":4},"end":{"line":40,"column":5}},"8":{"start":{"line":38,"column":8},"end":{"line":38,"column":50}},"9":{"start":{"line":39,"column":8},"end":{"line":39,"column":30}},"10":{"start":{"line":42,"column":4},"end":{"line":45,"column":5}},"11":{"start":{"line":43,"column":8},"end":{"line":43,"column":35}},"12":{"start":{"line":44,"column":8},"end":{"line":44,"column":26}},"13":{"start":{"line":47,"column":4},"end":{"line":49,"column":5}},"14":{"start":{"line":48,"column":8},"end":{"line":48,"column":38}},"15":{"start":{"line":51,"column":4},"end":{"line":53,"column":5}},"16":{"start":{"line":52,"column":8},"end":{"line":52,"column":39}},"17":{"start":{"line":55,"column":19},"end":{"line":55,"column":58}},"18":{"start":{"line":56,"column":4},"end":{"line":56,"column":23}}},"fnMap":{"0":{"name":"createRecommendation","decl":{"start":{"line":3,"column":15},"end":{"line":3,"column":35}},"loc":{"start":{"line":3,"column":59},"end":{"line":15,"column":1}},"line":3},"1":{"name":"updateScore","decl":{"start":{"line":17,"column":15},"end":{"line":17,"column":26}},"loc":{"start":{"line":17,"column":45},"end":{"line":26,"column":1}},"line":17},"2":{"name":"removeRecommendation","decl":{"start":{"line":28,"column":15},"end":{"line":28,"column":35}},"loc":{"start":{"line":28,"column":44},"end":{"line":32,"column":1}},"line":28},"3":{"name":"listRecommendations","decl":{"start":{"line":34,"column":15},"end":{"line":34,"column":34}},"loc":{"start":{"line":34,"column":59},"end":{"line":57,"column":1}},"line":34}},"branchMap":{"0":{"loc":{"start":{"line":37,"column":4},"end":{"line":40,"column":5}},"type":"if","locations":[{"start":{"line":37,"column":4},"end":{"line":40,"column":5}},{"start":{},"end":{}}],"line":37},"1":{"loc":{"start":{"line":42,"column":4},"end":{"line":45,"column":5}},"type":"if","locations":[{"start":{"line":42,"column":4},"end":{"line":45,"column":5}},{"start":{},"end":{}}],"line":42},"2":{"loc":{"start":{"line":47,"column":4},"end":{"line":49,"column":5}},"type":"if","locations":[{"start":{"line":47,"column":4},"end":{"line":49,"column":5}},{"start":{},"end":{}}],"line":47},"3":{"loc":{"start":{"line":51,"column":4},"end":{"line":53,"column":5}},"type":"if","locations":[{"start":{"line":51,"column":4},"end":{"line":53,"column":5}},{"start":{},"end":{}}],"line":51}},"s":{"0":0,"1":0,"2":0,"3":0,"4":0,"5":0,"6":0,"7":0,"8":0,"9":0,"10":0,"11":0,"12":0,"13":0,"14":0,"15":0,"16":0,"17":0,"18":0},"f":{"0":0,"1":0,"2":0,"3":0},"b":{"0":[0,0],"1":[0,0],"2":[0,0],"3":[0,0]},"_coverageSchema":"1a1c01bbd47fc00a2c39e90264f33305004495a9","hash":"51c6a5219b4c0418ffb6300388cc4a8ed99e2649"}
,"/media/leandrodcs/D2989951989934C7/Bootcamp/03 - Projetos/Projeto_17_sing-me-a-song/sing-me-a-song-back/src/services/recommendationService.js": {"path":"/media/leandrodcs/D2989951989934C7/Bootcamp/03 - Projetos/Projeto_17_sing-me-a-song/sing-me-a-song-back/src/services/recommendationService.js","statementMap":{"0":{"start":{"line":6,"column":4},"end":{"line":6,"column":80}},"1":{"start":{"line":10,"column":20},"end":{"line":10,"column":78}},"2":{"start":{"line":11,"column":19},"end":{"line":11,"column":29}},"3":{"start":{"line":13,"column":4},"end":{"line":15,"column":5}},"4":{"start":{"line":14,"column":8},"end":{"line":14,"column":80}},"5":{"start":{"line":17,"column":28},"end":{"line":17,"column":34}},"6":{"start":{"line":19,"column":4},"end":{"line":24,"column":5}},"7":{"start":{"line":20,"column":25},"end":{"line":20,"column":41}},"8":{"start":{"line":21,"column":8},"end":{"line":21,"column":69}},"9":{"start":{"line":23,"column":8},"end":{"line":23,"column":84}},"10":{"start":{"line":26,"column":4},"end":{"line":30,"column":5}},"11":{"start":{"line":27,"column":38},"end":{"line":27,"column":97}},"12":{"start":{"line":29,"column":8},"end":{"line":29,"column":118}},"13":{"start":{"line":32,"column":21},"end":{"line":32,"column":37}},"14":{"start":{"line":33,"column":4},"end":{"line":33,"column":65}},"15":{"start":{"line":35,"column":4},"end":{"line":35,"column":80}},"16":{"start":{"line":39,"column":21},"end":{"line":39,"column":35}},"17":{"start":{"line":40,"column":4},"end":{"line":42,"column":5}},"18":{"start":{"line":41,"column":8},"end":{"line":41,"column":90}},"19":{"start":{"line":44,"column":31},"end":{"line":44,"column":93}},"20":{"start":{"line":46,"column":4},"end":{"line":46,"column":30}},"21":{"start":{"line":50,"column":29},"end":{"line":50,"column":49}},"22":{"start":{"line":51,"column":17},"end":{"line":51,"column":22}},"23":{"start":{"line":53,"column":4},"end":{"line":55,"column":5}},"24":{"start":{"line":54,"column":8},"end":{"line":54,"column":24}},"25":{"start":{"line":57,"column":28},"end":{"line":57,"column":90}},"26":{"start":{"line":58,"column":27},"end":{"line":58,"column":94}},"27":{"start":{"line":59,"column":4},"end":{"line":59,"column":26}}},"fnMap":{"0":{"name":"postRecommendation","decl":{"start":{"line":5,"column":15},"end":{"line":5,"column":33}},"loc":{"start":{"line":5,"column":57},"end":{"line":7,"column":1}},"line":5},"1":{"name":"voteRecommendation","decl":{"start":{"line":9,"column":15},"end":{"line":9,"column":33}},"loc":{"start":{"line":9,"column":48},"end":{"line":36,"column":1}},"line":9},"2":{"name":"getTopRecommendations","decl":{"start":{"line":38,"column":15},"end":{"line":38,"column":36}},"loc":{"start":{"line":38,"column":49},"end":{"line":47,"column":1}},"line":38},"3":{"name":"getrandomRecommendation","decl":{"start":{"line":49,"column":15},"end":{"line":49,"column":38}},"loc":{"start":{"line":49,"column":41},"end":{"line":60,"column":1}},"line":49}},"branchMap":{"0":{"loc":{"start":{"line":13,"column":4},"end":{"line":15,"column":5}},"type":"if","locations":[{"start":{"line":13,"column":4},"end":{"line":15,"column":5}},{"start":{},"end":{}}],"line":13},"1":{"loc":{"start":{"line":19,"column":4},"end":{"line":24,"column":5}},"type":"if","locations":[{"start":{"line":19,"column":4},"end":{"line":24,"column":5}},{"start":{},"end":{}}],"line":19},"2":{"loc":{"start":{"line":26,"column":4},"end":{"line":30,"column":5}},"type":"if","locations":[{"start":{"line":26,"column":4},"end":{"line":30,"column":5}},{"start":{},"end":{}}],"line":26},"3":{"loc":{"start":{"line":40,"column":4},"end":{"line":42,"column":5}},"type":"if","locations":[{"start":{"line":40,"column":4},"end":{"line":42,"column":5}},{"start":{},"end":{}}],"line":40},"4":{"loc":{"start":{"line":40,"column":8},"end":{"line":40,"column":65}},"type":"binary-expr","locations":[{"start":{"line":40,"column":8},"end":{"line":40,"column":17}},{"start":{"line":40,"column":21},"end":{"line":40,"column":34}},{"start":{"line":40,"column":38},"end":{"line":40,"column":65}}],"line":40},"5":{"loc":{"start":{"line":53,"column":4},"end":{"line":55,"column":5}},"type":"if","locations":[{"start":{"line":53,"column":4},"end":{"line":55,"column":5}},{"start":{},"end":{}}],"line":53}},"s":{"0":1,"1":4,"2":4,"3":4,"4":1,"5":3,"6":3,"7":1,"8":1,"9":1,"10":2,"11":1,"12":1,"13":1,"14":1,"15":1,"16":3,"17":3,"18":2,"19":1,"20":1,"21":0,"22":0,"23":0,"24":0,"25":0,"26":0,"27":0},"f":{"0":1,"1":4,"2":3,"3":0},"b":{"0":[1,3],"1":[1,2],"2":[1,1],"3":[2,1],"4":[3,2,2],"5":[0,0]},"_coverageSchema":"1a1c01bbd47fc00a2c39e90264f33305004495a9","hash":"742beeeb94b13d248e2324d3ae511ae17c26a706"}
}
