TN:
SF:src/database/database.js
FNF:0
FNH:0
DA:3,1
DA:5,1
DA:13,1
DA:14,0
DA:22,1
LF:5
LH:4
BRDA:13,0,0,0
BRDA:13,0,1,1
BRF:2
BRH:1
end_of_record
TN:
SF:src/errors/amountError.js
FN:2,(anonymous_0)
FNF:1
FNH:1
FNDA:2,(anonymous_0)
DA:3,2
DA:4,2
LF:2
LH:2
BRF:0
BRH:0
end_of_record
TN:
SF:src/errors/recommendationError.js
FN:2,(anonymous_0)
FNF:1
FNH:1
FNDA:1,(anonymous_0)
DA:3,1
DA:4,1
LF:2
LH:2
BRF:0
BRH:0
end_of_record
TN:
SF:src/repositories/recommendationRepository.js
FN:3,createRecommendation
FN:17,updateScore
FN:28,removeRecommendation
FN:34,listRecommendations
FNF:4
FNH:0
FNDA:0,createRecommendation
FNDA:0,updateScore
FNDA:0,removeRecommendation
FNDA:0,listRecommendations
DA:4,0
DA:14,0
DA:18,0
DA:29,0
DA:31,0
DA:35,0
DA:36,0
DA:37,0
DA:38,0
DA:39,0
DA:42,0
DA:43,0
DA:44,0
DA:47,0
DA:48,0
DA:51,0
DA:52,0
DA:55,0
DA:56,0
LF:19
LH:0
BRDA:37,0,0,0
BRDA:37,0,1,0
BRDA:42,1,0,0
BRDA:42,1,1,0
BRDA:47,2,0,0
BRDA:47,2,1,0
BRDA:51,3,0,0
BRDA:51,3,1,0
BRF:8
BRH:0
end_of_record
TN:
SF:src/services/recommendationService.js
FN:5,postRecommendation
FN:9,voteRecommendation
FN:38,getTopRecommendations
FN:49,getrandomRecommendation
FNF:4
FNH:3
FNDA:1,postRecommendation
FNDA:4,voteRecommendation
FNDA:3,getTopRecommendations
FNDA:0,getrandomRecommendation
DA:6,1
DA:10,4
DA:11,4
DA:13,4
DA:14,1
DA:17,3
DA:19,3
DA:20,1
DA:21,1
DA:23,1
DA:26,2
DA:27,1
DA:29,1
DA:32,1
DA:33,1
DA:35,1
DA:39,3
DA:40,3
DA:41,2
DA:44,1
DA:46,1
DA:50,0
DA:51,0
DA:53,0
DA:54,0
DA:57,0
DA:58,0
DA:59,0
LF:28
LH:21
BRDA:13,0,0,1
BRDA:13,0,1,3
BRDA:19,1,0,1
BRDA:19,1,1,2
BRDA:26,2,0,1
BRDA:26,2,1,1
BRDA:40,3,0,2
BRDA:40,3,1,1
BRDA:40,4,0,3
BRDA:40,4,1,2
BRDA:40,4,2,2
BRDA:53,5,0,0
BRDA:53,5,1,0
BRF:13
BRH:11
end_of_record
