TN:
SF:src/database/database.js
FNF:0
FNH:0
DA:3,1
DA:5,1
DA:13,1
DA:14,0
DA:22,1
LF:5
LH:4
BRDA:13,0,0,0
BRDA:13,0,1,1
BRF:2
BRH:1
end_of_record
TN:
SF:src/errors/amountError.js
FN:2,(anonymous_0)
FNF:1
FNH:1
FNDA:2,(anonymous_0)
DA:3,2
DA:4,2
LF:2
LH:2
BRF:0
BRH:0
end_of_record
TN:
SF:src/errors/emptyError.js
FN:2,(anonymous_0)
FNF:1
FNH:1
FNDA:2,(anonymous_0)
DA:3,2
DA:4,2
LF:2
LH:2
BRF:0
BRH:0
end_of_record
TN:
SF:src/errors/recommendationError.js
FN:2,(anonymous_0)
FNF:1
FNH:1
FNDA:1,(anonymous_0)
DA:3,1
DA:4,1
LF:2
LH:2
BRF:0
BRH:0
end_of_record
TN:
SF:src/repositories/recommendationRepository.js
FN:3,createRecommendation
FN:17,updateScore
FN:28,removeRecommendation
FN:34,listRecommendations
FNF:4
FNH:0
FNDA:0,createRecommendation
FNDA:0,updateScore
FNDA:0,removeRecommendation
FNDA:0,listRecommendations
DA:4,0
DA:14,0
DA:18,0
DA:29,0
DA:31,0
DA:35,0
DA:36,0
DA:37,0
DA:38,0
DA:39,0
DA:42,0
DA:43,0
DA:44,0
DA:47,0
DA:48,0
DA:51,0
DA:52,0
DA:55,0
DA:56,0
LF:19
LH:0
BRDA:37,0,0,0
BRDA:37,0,1,0
BRDA:42,1,0,0
BRDA:42,1,1,0
BRDA:47,2,0,0
BRDA:47,2,1,0
BRDA:51,3,0,0
BRDA:51,3,1,0
BRF:8
BRH:0
end_of_record
TN:
SF:src/services/recommendationService.js
FN:6,postRecommendation
FN:10,voteRecommendation
FN:39,getTopRecommendations
FN:54,getrandomRecommendation
FNF:4
FNH:4
FNDA:1,postRecommendation
FNDA:4,voteRecommendation
FNDA:4,getTopRecommendations
FNDA:3,getrandomRecommendation
DA:7,1
DA:11,4
DA:12,4
DA:14,4
DA:15,1
DA:18,3
DA:20,3
DA:21,1
DA:22,1
DA:24,1
DA:27,2
DA:28,1
DA:30,1
DA:33,1
DA:34,1
DA:36,1
DA:40,4
DA:41,4
DA:42,2
DA:45,2
DA:47,2
DA:48,1
DA:51,1
DA:55,3
DA:56,3
DA:58,3
DA:59,1
DA:62,3
DA:64,3
DA:65,1
DA:68,3
DA:69,1
DA:71,2
DA:72,2
LF:34
LH:34
BRDA:14,0,0,1
BRDA:14,0,1,3
BRDA:20,1,0,1
BRDA:20,1,1,2
BRDA:27,2,0,1
BRDA:27,2,1,1
BRDA:41,3,0,2
BRDA:41,3,1,2
BRDA:41,4,0,4
BRDA:41,4,1,3
BRDA:41,4,2,3
BRDA:47,5,0,1
BRDA:47,5,1,1
BRDA:58,6,0,1
BRDA:58,6,1,2
BRDA:64,7,0,1
BRDA:64,7,1,2
BRDA:68,8,0,1
BRDA:68,8,1,2
BRF:19
BRH:19
end_of_record
